<?xml version="1.0" encoding="UTF-8"?>
<testng-results ignored="0" total="1" passed="1" failed="0" skipped="0">
  <reporter-output>
  </reporter-output>
  <suite started-at="2023-04-28T14:22:31 IST" name="Default suite" finished-at="2023-04-28T14:22:44 IST" duration-ms="12290">
    <groups>
    </groups>
    <test started-at="2023-04-28T14:22:31 IST" name="Default test" finished-at="2023-04-28T14:22:44 IST" duration-ms="12290">
      <class name="com.demo.FirstJenkinsTest">
        <test-method signature="firstTest()[pri:0, instance:com.demo.FirstJenkinsTest@1151e434]" started-at="2023-04-28T14:22:31 IST" name="firstTest" finished-at="2023-04-28T14:22:44 IST" duration-ms="12239" status="PASS">
          <reporter-output>
          </reporter-output>
        </test-method> <!-- firstTest -->
      </class> <!-- com.demo.FirstJenkinsTest -->
    </test> <!-- Default test -->
  </suite> <!-- Default suite -->
</testng-results>
